src/opt/optsmt.cpp
src/muz/bmc/dl_bmc_engine.cpp
src/muz/spacer/spacer_dl_interface.cpp
src/muz/rel/dl_mk_similarity_compressor.cpp
src/muz/rel/dl_bound_relation.cpp
src/muz/rel/dl_table_relation.cpp
src/muz/rel/dl_table.cpp
src/muz/rel/udoc_relation.cpp
src/muz/rel/dl_mk_simple_joins.cpp
src/muz/rel/dl_base.cpp
src/muz/rel/karr_relation.cpp
src/muz/rel/check_relation.cpp
src/muz/rel/dl_lazy_table.cpp
src/muz/rel/dl_product_relation.cpp
src/muz/transforms/dl_mk_synchronize.cpp
src/smt/theory_utvpi.cpp
src/smt/theory_diff_logic.cpp
src/smt/smt_arith_value.cpp
src/smt/mam.cpp
src/smt/smt_model_generator.cpp
src/smt/qi_queue.cpp
src/smt/smt_enode.cpp
src/smt/theory_array_full.cpp
src/smt/smt_internalizer.cpp
src/smt/theory_bv.cpp
src/smt/dyn_ack.cpp
src/smt/smt_model_finder.cpp
src/smt/theory_dl.cpp
src/smt/smt_context.cpp
src/smt/smt_quantifier.cpp
src/smt/theory_pb.cpp
src/smt/smt_conflict_resolution.cpp
src/smt/smt_case_split_queue.cpp
src/smt/theory_recfun.cpp
src/smt/theory_datatype.cpp
src/smt/theory_str.cpp
src/smt/smt_relevancy.cpp
src/smt/theory_seq.cpp
src/smt/theory_jobscheduler.cpp
src/smt/smt_consequences.cpp
src/shell/opt_frontend.cpp
src/api/api_datalog.cpp
src/opt/maxres.cpp
src/opt/wmax.cpp
src/opt/sortmax.cpp
src/opt/maxsmt.cpp
src/opt/opt_parse.cpp
src/opt/opt_context.cpp
src/opt/opt_solver.cpp
src/muz/fp/dl_cmds.cpp
src/muz/fp/dl_register_engine.cpp
src/muz/rel/dl_interval_relation.cpp
src/muz/rel/dl_instruction.cpp
src/muz/rel/dl_sieve_relation.cpp
src/muz/rel/dl_compiler.cpp
src/muz/rel/dl_check_table.cpp
src/muz/rel/aig_exporter.cpp
src/muz/rel/dl_relation_manager.cpp
src/muz/rel/dl_finite_product_relation.cpp
src/muz/rel/dl_mk_explanations.cpp
src/smt/smt_setup.cpp
src/smt/theory_dense_diff_logic.cpp
src/shell/datalog_frontend.cpp
src/api/api_opt.cpp
src/opt/opt_cmds.cpp
src/muz/rel/rel_context.cpp
src/smt/theory_arith.cpp
src/shell/smtlib_frontend.cpp
Z3 was successfully built.
Z3Py scripts can already be executed in the 'build/python' directory.
Z3Py scripts stored in arbitrary directories can be executed if the 'build/python' directory is added to the PYTHONPATH environment variable and the 'build' directory is added to the LD_LIBRARY_PATH environment variable.
Use the following command to install Z3 at prefix /home/julio/tools/migortho/z3/.
    sudo make install
