Determining if the pthread_create exist failed with the following output:
Change Dir: /home/julio/tools/fiction/lib/CMakeFiles/CMakeTmp

Run Build Command:"/usr/bin/make" "cmTC_6b59e/fast"
/usr/bin/make -f CMakeFiles/cmTC_6b59e.dir/build.make CMakeFiles/cmTC_6b59e.dir/build
make[1]: Entering directory '/home/julio/tools/fiction/lib/CMakeFiles/CMakeTmp'
Building C object CMakeFiles/cmTC_6b59e.dir/CheckSymbolExists.c.o
/usr/bin/cc    -o CMakeFiles/cmTC_6b59e.dir/CheckSymbolExists.c.o   -c /home/julio/tools/fiction/lib/CMakeFiles/CMakeTmp/CheckSymbolExists.c
Linking C executable cmTC_6b59e
/usr/bin/cmake -E cmake_link_script CMakeFiles/cmTC_6b59e.dir/link.txt --verbose=1
/usr/bin/cc      -rdynamic CMakeFiles/cmTC_6b59e.dir/CheckSymbolExists.c.o  -o cmTC_6b59e 
CMakeFiles/cmTC_6b59e.dir/CheckSymbolExists.c.o: Na função "main":
CheckSymbolExists.c:(.text+0x1b): referência não definida para "pthread_create"
collect2: error: ld returned 1 exit status
CMakeFiles/cmTC_6b59e.dir/build.make:97: recipe for target 'cmTC_6b59e' failed
make[1]: *** [cmTC_6b59e] Error 1
make[1]: Leaving directory '/home/julio/tools/fiction/lib/CMakeFiles/CMakeTmp'
Makefile:126: recipe for target 'cmTC_6b59e/fast' failed
make: *** [cmTC_6b59e/fast] Error 2

File /home/julio/tools/fiction/lib/CMakeFiles/CMakeTmp/CheckSymbolExists.c:
/* */
#include <pthread.h>

int main(int argc, char** argv)
{
  (void)argv;
#ifndef pthread_create
  return ((int*)(&pthread_create))[argc];
#else
  (void)argc;
  return 0;
#endif
}

